<?xml version="1.0" encoding="UTF-8"?>
<!-- Generated by org.testng.reporters.JUnitReportReporter -->
<testsuite hostname="shibinashibin" failures="0" tests="1" name="projecttest.AddClientTest" time="16.076" errors="0" timestamp="2024-01-23T01:44:31 GMT" skipped="0">
  <testcase classname="projecttest.AddClientTest" name="ClientSearch" time="16.076"/>
  <system-out/>
</testsuite> <!-- projecttest.AddClientTest -->
