<?xml version="1.0" encoding="UTF-8"?>
<!-- Generated by org.testng.reporters.JUnitReportReporter -->
<testsuite hostname="shibinashibin" failures="0" tests="1" name="projecttest.itemtest" time="23.599" errors="0" timestamp="2024-01-23T01:58:39 GMT" skipped="0">
  <testcase classname="projecttest.itemtest" name="UpdateItem" time="23.599"/>
  <system-out/>
</testsuite> <!-- projecttest.itemtest -->
