<?xml version="1.0" encoding="UTF-8"?>
<!-- Generated by org.testng.reporters.JUnitReportReporter -->
<testsuite hostname="shibinashibin" failures="0" tests="1" name="projecttest.itemtest" time="21.524" errors="0" timestamp="2024-01-25T18:04:04 GMT" skipped="0">
  <testcase classname="projecttest.itemtest" name="UpdateItem" time="21.524"/>
  <system-out/>
</testsuite> <!-- projecttest.itemtest -->
