<?xml version="1.0" encoding="UTF-8"?>
<!-- Generated by org.testng.reporters.JUnitReportReporter -->
<testsuite hostname="shibinashibin" failures="0" tests="1" name="projecttest.ClientTest" time="19.255" errors="0" timestamp="2024-01-25T17:07:19 GMT" skipped="0">
  <testcase classname="projecttest.ClientTest" name="ClientDelete" time="19.255"/>
  <system-out/>
</testsuite> <!-- projecttest.ClientTest -->
