<?xml version="1.0" encoding="UTF-8"?>
<!-- Generated by org.testng.reporters.JUnitReportReporter -->
<testsuite hostname="shibinashibin" failures="0" tests="2" name="projecttest.LoginTest" time="22.727" errors="0" timestamp="2024-01-11T15:16:31 GMT" skipped="0">
  <testcase classname="projecttest.LoginTest" name="verifyLogin" time="12.122"/>
  <system-out/>
  <testcase classname="projecttest.LoginTest" name="verifyLogin" time="10.605"/>
  <system-out/>
</testsuite> <!-- projecttest.LoginTest -->
