<?xml version="1.0" encoding="UTF-8"?>
<!-- Generated by org.testng.reporters.JUnitReportReporter -->
<testsuite hostname="shibinashibin" failures="0" tests="1" name="projecttest.estimatetest" time="15.236" errors="0" timestamp="2024-01-25T17:12:39 GMT" skipped="0">
  <testcase classname="projecttest.estimatetest" name="estimate" time="15.236"/>
  <system-out/>
</testsuite> <!-- projecttest.estimatetest -->
