<?xml version="1.0" encoding="UTF-8"?>
<!-- Generated by org.testng.reporters.JUnitReportReporter -->
<testsuite hostname="shibinashibin" failures="0" tests="1" name="projecttest.LoginTest" time="15.421" errors="0" timestamp="2024-01-25T17:05:25 GMT" skipped="0">
  <testcase classname="projecttest.LoginTest" name="verifyLogin" time="15.421"/>
  <system-out/>
</testsuite> <!-- projecttest.LoginTest -->
