<?xml version="1.0" encoding="UTF-8"?>
<!-- Generated by org.testng.reporters.JUnitReportReporter -->
<testsuite hostname="shibinashibin" failures="0" tests="1" name="projecttest.LoginTest" time="12.191" errors="0" timestamp="2024-01-22T14:48:45 GMT" skipped="0">
  <testcase classname="projecttest.LoginTest" name="verifyLogin" time="12.191"/>
  <system-out/>
</testsuite> <!-- projecttest.LoginTest -->
